<?xml version="1.0" encoding="UTF-8"?>
<!-- Generated by org.testng.reporters.JUnitReportReporter -->
<testsuite hostname="DESKTOP-451PC9J" failures="0" tests="1" name="pl.tomaszbuga.tests.FirstTest" time="12.628" errors="0" timestamp="2022-09-27T20:57:48 CEST" skipped="0">
  <testcase classname="pl.tomaszbuga.tests.FirstTest" name="firstMethod" time="12.628"/>
  <system-out/>
</testsuite> <!-- pl.tomaszbuga.tests.FirstTest -->
